{"C:\\Users\\ROHAN BHOSALE\\Desktop\\Dev\\unit-testing-jest\\cloneArray.js": {"path":"C:\\Users\\ROHAN BHOSALE\\Desktop\\Dev\\unit-testing-jest\\cloneArray.js","statementMap":{"0":{"start":{"line":2,"column":4},"end":{"line":2,"column":21}},"1":{"start":{"line":6,"column":0},"end":{"line":6,"column":27}}},"fnMap":{"0":{"name":"cloneArray","decl":{"start":{"line":1,"column":9},"end":{"line":1,"column":19}},"loc":{"start":{"line":1,"column":26},"end":{"line":4,"column":1}},"line":1}},"branchMap":{},"s":{"0":2,"1":1},"f":{"0":2},"b":{},"_coverageSchema":"1a1c01bbd47fc00a2c39e90264f33305004495a9","hash":"2662040feb3f8207f7622b80ce26edae8e9fb80a"}
,"C:\\Users\\ROHAN BHOSALE\\Desktop\\Dev\\unit-testing-jest\\subtract.js": {"path":"C:\\Users\\ROHAN BHOSALE\\Desktop\\Dev\\unit-testing-jest\\subtract.js","statementMap":{"0":{"start":{"line":2,"column":4},"end":{"line":2,"column":16}},"1":{"start":{"line":5,"column":0},"end":{"line":5,"column":25}}},"fnMap":{"0":{"name":"subtract","decl":{"start":{"line":1,"column":9},"end":{"line":1,"column":17}},"loc":{"start":{"line":1,"column":23},"end":{"line":3,"column":1}},"line":1}},"branchMap":{},"s":{"0":1,"1":1},"f":{"0":1},"b":{},"_coverageSchema":"1a1c01bbd47fc00a2c39e90264f33305004495a9","hash":"24e8e13ecbe42f346436074e80c85dee8575638c"}
,"C:\\Users\\ROHAN BHOSALE\\Desktop\\Dev\\unit-testing-jest\\sum.js": {"path":"C:\\Users\\ROHAN BHOSALE\\Desktop\\Dev\\unit-testing-jest\\sum.js","statementMap":{"0":{"start":{"line":2,"column":4},"end":{"line":2,"column":14}},"1":{"start":{"line":4,"column":0},"end":{"line":4,"column":20}}},"fnMap":{"0":{"name":"sum","decl":{"start":{"line":1,"column":9},"end":{"line":1,"column":12}},"loc":{"start":{"line":1,"column":18},"end":{"line":3,"column":1}},"line":1}},"branchMap":{},"s":{"0":1,"1":1},"f":{"0":1},"b":{},"_coverageSchema":"1a1c01bbd47fc00a2c39e90264f33305004495a9","hash":"9fed322fbe20b986ec3b07d81312ed7422b65b15"}
}
